ForAndroidStudio/VICER/build/outputs/logs/manifest-merger-debug-report.txt
-- Merging decision tree log ---
manifest
ADDED from src\main\AndroidManifest.xml:2:1-28:12
	package
		ADDED from src\main\AndroidManifest.xml:2:11-42
		INJECTED from src\main\AndroidManifest.xml
		INJECTED from src\main\AndroidManifest.xml
	android:versionName
		ADDED from src\main\AndroidManifest.xml:2:102-127
		INJECTED from src\main\AndroidManifest.xml
		INJECTED from src\main\AndroidManifest.xml
	android:versionCode
		ADDED from src\main\AndroidManifest.xml:2:128-151
		INJECTED from src\main\AndroidManifest.xml
		INJECTED from src\main\AndroidManifest.xml
	xmlns:android
		ADDED from src\main\AndroidManifest.xml:2:43-101
	android:installLocation
		ADDED from src\main\AndroidManifest.xml:2:152-182
uses-permission#android.permission.INTERNET
ADDED from src\main\AndroidManifest.xml:3:3-65
MERGED from [:OVRPlugin:] AndroidManifest.xml:7:3-65
	android:name
		ADDED from src\main\AndroidManifest.xml:3:20-62
uses-permission#android.permission.ACCESS_NETWORK_STATE
ADDED from src\main\AndroidManifest.xml:4:3-77
	android:name
		ADDED from src\main\AndroidManifest.xml:4:20-74
uses-permission#android.permission.ACCESS_WIFI_STATE
ADDED from src\main\AndroidManifest.xml:5:3-74
	android:name
		ADDED from src\main\AndroidManifest.xml:5:20-71
uses-permission#android.permission.WAKE_LOCK
ADDED from src\main\AndroidManifest.xml:6:3-66
MERGED from [:OVRPlugin:] AndroidManifest.xml:8:3-66
	android:name
		ADDED from src\main\AndroidManifest.xml:6:20-63
uses-permission#android.permission.BLUETOOTH
ADDED from src\main\AndroidManifest.xml:7:3-66
	android:name
		ADDED from src\main\AndroidManifest.xml:7:20-63
uses-permission#android.permission.BLUETOOTH_ADMIN
ADDED from src\main\AndroidManifest.xml:8:3-72
	android:name
		ADDED from src\main\AndroidManifest.xml:8:20-69
uses-permission#android.permission.ACCESS_COARSE_LOCATION
ADDED from src\main\AndroidManifest.xml:9:3-79
	android:name
		ADDED from src\main\AndroidManifest.xml:9:20-76
uses-permission#android.permission.ACCESS_FINE_LOCATION
ADDED from src\main\AndroidManifest.xml:10:3-77
	android:name
		ADDED from src\main\AndroidManifest.xml:10:20-74
application
ADDED from src\main\AndroidManifest.xml:11:3-22:17
MERGED from [:OVRPlugin:] AndroidManifest.xml:4:3-6:17
	android:label
		ADDED from src\main\AndroidManifest.xml:11:50-82
	android:icon
		ADDED from src\main\AndroidManifest.xml:11:16-49
	android:banner
		ADDED from src\main\AndroidManifest.xml:11:106-143
	android:isGame
		ADDED from src\main\AndroidManifest.xml:11:83-105
activity#com.hyeon.bluetoothPlugin.BluetoothPlugin
ADDED from src\main\AndroidManifest.xml:12:5-17:16
	android:label
		ADDED from src\main\AndroidManifest.xml:12:72-104
	android:configChanges
		ADDED from src\main\AndroidManifest.xml:12:105-262
	android:name
		ADDED from src\main\AndroidManifest.xml:12:15-71
intent-filter#android.intent.action.MAIN+android.intent.category.LAUNCHER
ADDED from src\main\AndroidManifest.xml:13:7-16:23
action#android.intent.action.MAIN
ADDED from src\main\AndroidManifest.xml:14:9-61
	android:name
		ADDED from src\main\AndroidManifest.xml:14:17-58
category#android.intent.category.LAUNCHER
ADDED from src\main\AndroidManifest.xml:15:9-69
	android:name
		ADDED from src\main\AndroidManifest.xml:15:19-66
meta-data#unity.build-id
ADDED from src\main\AndroidManifest.xml:18:5-101
	android:value
		ADDED from src\main\AndroidManifest.xml:18:46-98
	android:name
		ADDED from src\main\AndroidManifest.xml:18:16-45
meta-data#unity.splash-mode
ADDED from src\main\AndroidManifest.xml:19:5-69
	android:value
		ADDED from src\main\AndroidManifest.xml:19:49-66
	android:name
		ADDED from src\main\AndroidManifest.xml:19:16-48
meta-data#unity.splash-enable
ADDED from src\main\AndroidManifest.xml:20:5-75
	android:value
		ADDED from src\main\AndroidManifest.xml:20:51-72
	android:name
		ADDED from src\main\AndroidManifest.xml:20:16-50
meta-data#android.max_aspect
ADDED from src\main\AndroidManifest.xml:21:5-72
	android:value
		ADDED from src\main\AndroidManifest.xml:21:50-69
	android:name
		ADDED from src\main\AndroidManifest.xml:21:16-49
uses-sdk
ADDED from src\main\AndroidManifest.xml:23:3-72
MERGED from [:OVRPlugin:] AndroidManifest.xml:3:3-45
	android:targetSdkVersion
		ADDED from src\main\AndroidManifest.xml:23:40-69
		INJECTED from src\main\AndroidManifest.xml
		INJECTED from src\main\AndroidManifest.xml
	android:minSdkVersion
		ADDED from src\main\AndroidManifest.xml:23:13-39
		MERGED from src\main\AndroidManifest.xml:23:13-39
uses-feature#0x00020000
ADDED from src\main\AndroidManifest.xml:24:3-52
	android:glEsVersion
		ADDED from src\main\AndroidManifest.xml:24:17-49
uses-feature#android.hardware.touchscreen
ADDED from src\main\AndroidManifest.xml:25:3-88
	android:required
		ADDED from src\main\AndroidManifest.xml:25:61-85
	android:name
		ADDED from src\main\AndroidManifest.xml:25:17-60
uses-feature#android.hardware.touchscreen.multitouch
ADDED from src\main\AndroidManifest.xml:26:3-99
	android:required
		ADDED from src\main\AndroidManifest.xml:26:72-96
	android:name
		ADDED from src\main\AndroidManifest.xml:26:17-71
uses-feature#android.hardware.touchscreen.multitouch.distinct
ADDED from src\main\AndroidManifest.xml:27:3-108
	android:required
		ADDED from src\main\AndroidManifest.xml:27:81-105
	android:name
		ADDED from src\main\AndroidManifest.xml:27:17-80
meta-data#com.samsung.android.vr.application.mode
ADDED from [:OVRPlugin:] AndroidManifest.xml:5:5-96
	android:value
		ADDED from [:OVRPlugin:] AndroidManifest.xml:5:71-94
	android:name
		ADDED from [:OVRPlugin:] AndroidManifest.xml:5:16-70